<?xml version="1.0" encoding="UTF-8"?>
<!-- Generated by org.testng.reporters.JUnitXMLReporter -->
<testsuite hostname="JANYPC" ignored="0" name="Free CRM App Test Cases" tests="12" failures="0" timestamp="2019-12-05T18:11:14 BDT" time="317.303" errors="0">
  <testcase name="landingPageTitleTest" time="0.013" classname="com.demo.qa.testCases.LogInPageTest"/>
  <testcase name="logoImageTest" time="0.061" classname="com.demo.qa.testCases.LogInPageTest"/>
  <testcase name="logInTest" time="7.351" classname="com.demo.qa.testCases.LogInPageTest"/>
  <testcase name="verifyHomePageTitleTest" time="5.736" classname="com.demo.qa.testCases.HomePageTest"/>
  <testcase name="verifyUserNameTest" time="8.642" classname="com.demo.qa.testCases.HomePageTest"/>
  <testcase name="verifyContactsLinkTest" time="8.53" classname="com.demo.qa.testCases.HomePageTest"/>
  <testcase name="verifyContactsPageLabel" time="21.895" classname="com.demo.qa.testCases.ContactPageTest"/>
  <testcase name="selectSingleContactsTest" time="16.761" classname="com.demo.qa.testCases.ContactPageTest"/>
  <testcase name="verifyNewContactPageLabelTest" time="7.457" classname="com.demo.qa.testCases.ContactPageTest"/>
  <testcase name="createNewContactTest" time="64.164" classname="com.demo.qa.testCases.ContactPageTest">
    <skipped/>
  </testcase> <!-- createNewContactTest -->
  <testcase name="createNewContactTest" time="25.015" classname="com.demo.qa.testCases.ContactPageTest"/>
  <testcase name="createNewContactTest" time="26.171" classname="com.demo.qa.testCases.ContactPageTest"/>
</testsuite> <!-- Free CRM App Test Cases -->
