<?xml version="1.0" encoding="UTF-8"?>
<!-- Generated by org.testng.reporters.JUnitXMLReporter -->
<testsuite hostname="JANYPC" ignored="3" name="Default test" tests="2" failures="0" timestamp="2019-11-25T14:51:52 BDT" time="72.306" errors="0">
  <testcase name="createNewContactTest" time="24.626" classname="com.demo.qa.testCases.ContactPageTest"/>
  <testcase name="createNewContactTest" time="26.098" classname="com.demo.qa.testCases.ContactPageTest"/>
  <testcase name="verifyNewContactPageLabelTest" time="0.0" classname="com.demo.qa.testCases.ContactPageTest">
    <ignored/>
  </testcase> <!-- verifyNewContactPageLabelTest -->
  <testcase name="verifyContactsPageLabel" time="0.0" classname="com.demo.qa.testCases.ContactPageTest">
    <ignored/>
  </testcase> <!-- verifyContactsPageLabel -->
  <testcase name="selectSingleContactsTest" time="0.0" classname="com.demo.qa.testCases.ContactPageTest">
    <ignored/>
  </testcase> <!-- selectSingleContactsTest -->
</testsuite> <!-- Default test -->
