<?xml version="1.0" encoding="UTF-8"?>
<testng-results skipped="0" failed="0" ignored="0" retried="1" total="12" passed="11">
  <reporter-output>
  </reporter-output>
  <suite name="FREE CRM Application Test Automation Test Suite" duration-ms="317303" started-at="2019-12-05T18:05:57 BDT" finished-at="2019-12-05T18:11:14 BDT">
    <groups>
    </groups>
    <test name="Free CRM App Test Cases" duration-ms="317303" started-at="2019-12-05T18:05:57 BDT" finished-at="2019-12-05T18:11:14 BDT">
      <class name="com.demo.qa.testCases.ContactPageTest">
        <test-method status="PASS" signature="setUp()[pri:0, instance:com.demo.qa.testCases.ContactPageTest@276438c9]" name="setUp" is-config="true" duration-ms="8844" started-at="2019-12-05T18:07:32 BDT" finished-at="2019-12-05T18:07:41 BDT">
          <reporter-output>
          </reporter-output>
        </test-method> <!-- setUp -->
        <test-method status="PASS" signature="verifyContactsPageLabel()[pri:1, instance:com.demo.qa.testCases.ContactPageTest@276438c9]" name="verifyContactsPageLabel" duration-ms="21895" started-at="2019-12-05T18:07:41 BDT" finished-at="2019-12-05T18:08:03 BDT">
          <reporter-output>
          </reporter-output>
        </test-method> <!-- verifyContactsPageLabel -->
        <test-method status="PASS" signature="tearDown()[pri:0, instance:com.demo.qa.testCases.ContactPageTest@276438c9]" name="tearDown" is-config="true" duration-ms="619" started-at="2019-12-05T18:08:03 BDT" finished-at="2019-12-05T18:08:03 BDT">
          <reporter-output>
          </reporter-output>
        </test-method> <!-- tearDown -->
        <test-method status="PASS" signature="setUp()[pri:0, instance:com.demo.qa.testCases.ContactPageTest@276438c9]" name="setUp" is-config="true" duration-ms="9349" started-at="2019-12-05T18:08:03 BDT" finished-at="2019-12-05T18:08:13 BDT">
          <reporter-output>
          </reporter-output>
        </test-method> <!-- setUp -->
        <test-method status="PASS" signature="selectSingleContactsTest()[pri:2, instance:com.demo.qa.testCases.ContactPageTest@276438c9]" name="selectSingleContactsTest" duration-ms="16761" started-at="2019-12-05T18:08:13 BDT" finished-at="2019-12-05T18:08:29 BDT">
          <reporter-output>
          </reporter-output>
        </test-method> <!-- selectSingleContactsTest -->
        <test-method status="PASS" signature="tearDown()[pri:0, instance:com.demo.qa.testCases.ContactPageTest@276438c9]" name="tearDown" is-config="true" duration-ms="670" started-at="2019-12-05T18:08:29 BDT" finished-at="2019-12-05T18:08:30 BDT">
          <reporter-output>
          </reporter-output>
        </test-method> <!-- tearDown -->
        <test-method status="PASS" signature="setUp()[pri:0, instance:com.demo.qa.testCases.ContactPageTest@276438c9]" name="setUp" is-config="true" duration-ms="11573" started-at="2019-12-05T18:08:30 BDT" finished-at="2019-12-05T18:08:42 BDT">
          <reporter-output>
          </reporter-output>
        </test-method> <!-- setUp -->
        <test-method status="PASS" signature="verifyNewContactPageLabelTest()[pri:3, instance:com.demo.qa.testCases.ContactPageTest@276438c9]" name="verifyNewContactPageLabelTest" duration-ms="7457" started-at="2019-12-05T18:08:42 BDT" finished-at="2019-12-05T18:08:49 BDT">
          <reporter-output>
          </reporter-output>
        </test-method> <!-- verifyNewContactPageLabelTest -->
        <test-method status="PASS" signature="tearDown()[pri:0, instance:com.demo.qa.testCases.ContactPageTest@276438c9]" name="tearDown" is-config="true" duration-ms="654" started-at="2019-12-05T18:08:49 BDT" finished-at="2019-12-05T18:08:50 BDT">
          <reporter-output>
          </reporter-output>
        </test-method> <!-- tearDown -->
        <test-method status="PASS" signature="setUp()[pri:0, instance:com.demo.qa.testCases.ContactPageTest@276438c9]" name="setUp" is-config="true" duration-ms="8752" started-at="2019-12-05T18:08:50 BDT" finished-at="2019-12-05T18:08:59 BDT">
          <reporter-output>
          </reporter-output>
        </test-method> <!-- setUp -->
        <test-method status="SKIP" signature="createNewContactTest(java.lang.String, java.lang.String)[pri:4, instance:com.demo.qa.testCases.ContactPageTest@276438c9]" name="createNewContactTest" duration-ms="64164" retried="true" started-at="2019-12-05T18:08:59 BDT" data-provider="ContactData" finished-at="2019-12-05T18:10:03 BDT">
          <params>
            <param index="0">
              <value>
                <![CDATA[Akif]]>
              </value>
            </param>
            <param index="1">
              <value>
                <![CDATA[Ahmed]]>
              </value>
            </param>
          </params>
          <exception class="java.lang.NullPointerException">
            <full-stacktrace>
              <![CDATA[java.lang.NullPointerException
at com.demo.qa.base.BasePage.doSendKeys(BasePage.java:26)
at com.demo.qa.pages.ContactsPage.createNewContact(ContactsPage.java:68)
at com.demo.qa.testCases.ContactPageTest.createNewContactTest(ContactPageTest.java:57)
at sun.reflect.NativeMethodAccessorImpl.invoke0(Native Method)
at sun.reflect.NativeMethodAccessorImpl.invoke(Unknown Source)
at sun.reflect.DelegatingMethodAccessorImpl.invoke(Unknown Source)
at java.lang.reflect.Method.invoke(Unknown Source)
at org.testng.internal.MethodInvocationHelper.invokeMethod(MethodInvocationHelper.java:133)
at org.testng.internal.TestInvoker.invokeMethod(TestInvoker.java:584)
at org.testng.internal.TestInvoker.invokeTestMethod(TestInvoker.java:172)
at org.testng.internal.MethodRunner.runInSequence(MethodRunner.java:46)
at org.testng.internal.TestInvoker$MethodInvocationAgent.invoke(TestInvoker.java:804)
at org.testng.internal.TestInvoker.invokeTestMethods(TestInvoker.java:145)
at org.testng.internal.TestMethodWorker.invokeTestMethods(TestMethodWorker.java:146)
at org.testng.internal.TestMethodWorker.run(TestMethodWorker.java:128)
at java.util.ArrayList.forEach(Unknown Source)
at org.testng.TestRunner.privateRun(TestRunner.java:770)
at org.testng.TestRunner.run(TestRunner.java:591)
at org.testng.SuiteRunner.runTest(SuiteRunner.java:402)
at org.testng.SuiteRunner.runSequentially(SuiteRunner.java:396)
at org.testng.SuiteRunner.privateRun(SuiteRunner.java:355)
at org.testng.SuiteRunner.run(SuiteRunner.java:304)
at org.testng.SuiteRunnerWorker.runSuite(SuiteRunnerWorker.java:53)
at org.testng.SuiteRunnerWorker.run(SuiteRunnerWorker.java:96)
at org.testng.TestNG.runSuitesSequentially(TestNG.java:1180)
at org.testng.TestNG.runSuitesLocally(TestNG.java:1102)
at org.testng.TestNG.runSuites(TestNG.java:1032)
at org.testng.TestNG.run(TestNG.java:1000)
at org.testng.remote.AbstractRemoteTestNG.run(AbstractRemoteTestNG.java:115)
at org.testng.remote.RemoteTestNG.initAndRun(RemoteTestNG.java:251)
at org.testng.remote.RemoteTestNG.main(RemoteTestNG.java:77)
]]>
            </full-stacktrace>
          </exception> <!-- java.lang.NullPointerException -->
          <reporter-output>
          </reporter-output>
        </test-method> <!-- createNewContactTest -->
        <test-method status="PASS" signature="tearDown()[pri:0, instance:com.demo.qa.testCases.ContactPageTest@276438c9]" name="tearDown" is-config="true" duration-ms="643" started-at="2019-12-05T18:10:03 BDT" finished-at="2019-12-05T18:10:04 BDT">
          <reporter-output>
          </reporter-output>
        </test-method> <!-- tearDown -->
        <test-method status="PASS" signature="setUp()[pri:0, instance:com.demo.qa.testCases.ContactPageTest@276438c9]" name="setUp" is-config="true" duration-ms="8853" started-at="2019-12-05T18:10:04 BDT" finished-at="2019-12-05T18:10:13 BDT">
          <reporter-output>
          </reporter-output>
        </test-method> <!-- setUp -->
        <test-method status="PASS" signature="createNewContactTest(java.lang.String, java.lang.String)[pri:4, instance:com.demo.qa.testCases.ContactPageTest@276438c9]" name="createNewContactTest" duration-ms="25015" started-at="2019-12-05T18:10:13 BDT" data-provider="ContactData" finished-at="2019-12-05T18:10:38 BDT">
          <params>
            <param index="0">
              <value>
                <![CDATA[Akif]]>
              </value>
            </param>
            <param index="1">
              <value>
                <![CDATA[Ahmed]]>
              </value>
            </param>
          </params>
          <reporter-output>
          </reporter-output>
        </test-method> <!-- createNewContactTest -->
        <test-method status="PASS" signature="tearDown()[pri:0, instance:com.demo.qa.testCases.ContactPageTest@276438c9]" name="tearDown" is-config="true" duration-ms="680" started-at="2019-12-05T18:10:38 BDT" finished-at="2019-12-05T18:10:38 BDT">
          <reporter-output>
          </reporter-output>
        </test-method> <!-- tearDown -->
        <test-method status="PASS" signature="setUp()[pri:0, instance:com.demo.qa.testCases.ContactPageTest@276438c9]" name="setUp" is-config="true" duration-ms="9069" started-at="2019-12-05T18:10:38 BDT" finished-at="2019-12-05T18:10:47 BDT">
          <reporter-output>
          </reporter-output>
        </test-method> <!-- setUp -->
        <test-method status="PASS" signature="createNewContactTest(java.lang.String, java.lang.String)[pri:4, instance:com.demo.qa.testCases.ContactPageTest@276438c9]" name="createNewContactTest" duration-ms="26171" started-at="2019-12-05T18:10:47 BDT" data-provider="ContactData" finished-at="2019-12-05T18:11:14 BDT">
          <params>
            <param index="0">
              <value>
                <![CDATA[Kashfa]]>
              </value>
            </param>
            <param index="1">
              <value>
                <![CDATA[Chowdhury]]>
              </value>
            </param>
          </params>
          <reporter-output>
          </reporter-output>
        </test-method> <!-- createNewContactTest -->
        <test-method status="PASS" signature="tearDown()[pri:0, instance:com.demo.qa.testCases.ContactPageTest@276438c9]" name="tearDown" is-config="true" duration-ms="667" started-at="2019-12-05T18:11:14 BDT" finished-at="2019-12-05T18:11:14 BDT">
          <reporter-output>
          </reporter-output>
        </test-method> <!-- tearDown -->
      </class> <!-- com.demo.qa.testCases.ContactPageTest -->
      <class name="com.demo.qa.testCases.LogInPageTest">
        <test-method status="PASS" signature="setUp()[pri:0, instance:com.demo.qa.testCases.LogInPageTest@166fa74d]" name="setUp" is-config="true" duration-ms="11845" started-at="2019-12-05T18:05:57 BDT" finished-at="2019-12-05T18:06:09 BDT">
          <reporter-output>
          </reporter-output>
        </test-method> <!-- setUp -->
        <test-method status="PASS" signature="landingPageTitleTest()[pri:1, instance:com.demo.qa.testCases.LogInPageTest@166fa74d]" name="landingPageTitleTest" duration-ms="13" started-at="2019-12-05T18:06:09 BDT" finished-at="2019-12-05T18:06:09 BDT">
          <reporter-output>
          </reporter-output>
        </test-method> <!-- landingPageTitleTest -->
        <test-method status="PASS" signature="tearDown()[pri:0, instance:com.demo.qa.testCases.LogInPageTest@166fa74d]" name="tearDown" is-config="true" duration-ms="4861" started-at="2019-12-05T18:06:09 BDT" finished-at="2019-12-05T18:06:14 BDT">
          <reporter-output>
          </reporter-output>
        </test-method> <!-- tearDown -->
        <test-method status="PASS" signature="setUp()[pri:0, instance:com.demo.qa.testCases.LogInPageTest@166fa74d]" name="setUp" is-config="true" duration-ms="8975" started-at="2019-12-05T18:06:14 BDT" finished-at="2019-12-05T18:06:23 BDT">
          <reporter-output>
          </reporter-output>
        </test-method> <!-- setUp -->
        <test-method status="PASS" signature="logoImageTest()[pri:2, instance:com.demo.qa.testCases.LogInPageTest@166fa74d]" name="logoImageTest" duration-ms="61" started-at="2019-12-05T18:06:23 BDT" finished-at="2019-12-05T18:06:23 BDT">
          <reporter-output>
          </reporter-output>
        </test-method> <!-- logoImageTest -->
        <test-method status="PASS" signature="tearDown()[pri:0, instance:com.demo.qa.testCases.LogInPageTest@166fa74d]" name="tearDown" is-config="true" duration-ms="1076" started-at="2019-12-05T18:06:23 BDT" finished-at="2019-12-05T18:06:24 BDT">
          <reporter-output>
          </reporter-output>
        </test-method> <!-- tearDown -->
        <test-method status="PASS" signature="setUp()[pri:0, instance:com.demo.qa.testCases.LogInPageTest@166fa74d]" name="setUp" is-config="true" duration-ms="8666" started-at="2019-12-05T18:06:24 BDT" finished-at="2019-12-05T18:06:32 BDT">
          <reporter-output>
          </reporter-output>
        </test-method> <!-- setUp -->
        <test-method status="PASS" signature="logInTest()[pri:3, instance:com.demo.qa.testCases.LogInPageTest@166fa74d]" name="logInTest" duration-ms="7351" started-at="2019-12-05T18:06:32 BDT" finished-at="2019-12-05T18:06:40 BDT">
          <reporter-output>
          </reporter-output>
        </test-method> <!-- logInTest -->
        <test-method status="PASS" signature="tearDown()[pri:0, instance:com.demo.qa.testCases.LogInPageTest@166fa74d]" name="tearDown" is-config="true" duration-ms="647" started-at="2019-12-05T18:06:40 BDT" finished-at="2019-12-05T18:06:40 BDT">
          <reporter-output>
          </reporter-output>
        </test-method> <!-- tearDown -->
      </class> <!-- com.demo.qa.testCases.LogInPageTest -->
      <class name="com.demo.qa.testCases.HomePageTest">
        <test-method status="PASS" signature="setUp()[pri:0, instance:com.demo.qa.testCases.HomePageTest@40f08448]" name="setUp" is-config="true" duration-ms="8766" started-at="2019-12-05T18:06:40 BDT" finished-at="2019-12-05T18:06:49 BDT">
          <reporter-output>
          </reporter-output>
        </test-method> <!-- setUp -->
        <test-method status="PASS" signature="verifyHomePageTitleTest()[pri:1, instance:com.demo.qa.testCases.HomePageTest@40f08448]" name="verifyHomePageTitleTest" duration-ms="5736" started-at="2019-12-05T18:06:49 BDT" finished-at="2019-12-05T18:06:55 BDT">
          <reporter-output>
          </reporter-output>
        </test-method> <!-- verifyHomePageTitleTest -->
        <test-method status="PASS" signature="tearDown()[pri:0, instance:com.demo.qa.testCases.HomePageTest@40f08448]" name="tearDown" is-config="true" duration-ms="647" started-at="2019-12-05T18:06:55 BDT" finished-at="2019-12-05T18:06:56 BDT">
          <reporter-output>
          </reporter-output>
        </test-method> <!-- tearDown -->
        <test-method status="PASS" signature="setUp()[pri:0, instance:com.demo.qa.testCases.HomePageTest@40f08448]" name="setUp" is-config="true" duration-ms="8879" started-at="2019-12-05T18:06:56 BDT" finished-at="2019-12-05T18:07:05 BDT">
          <reporter-output>
          </reporter-output>
        </test-method> <!-- setUp -->
        <test-method status="PASS" signature="verifyUserNameTest()[pri:2, instance:com.demo.qa.testCases.HomePageTest@40f08448]" name="verifyUserNameTest" duration-ms="8642" started-at="2019-12-05T18:07:05 BDT" finished-at="2019-12-05T18:07:13 BDT">
          <reporter-output>
          </reporter-output>
        </test-method> <!-- verifyUserNameTest -->
        <test-method status="PASS" signature="tearDown()[pri:0, instance:com.demo.qa.testCases.HomePageTest@40f08448]" name="tearDown" is-config="true" duration-ms="630" started-at="2019-12-05T18:07:13 BDT" finished-at="2019-12-05T18:07:14 BDT">
          <reporter-output>
          </reporter-output>
        </test-method> <!-- tearDown -->
        <test-method status="PASS" signature="setUp()[pri:0, instance:com.demo.qa.testCases.HomePageTest@40f08448]" name="setUp" is-config="true" duration-ms="8940" started-at="2019-12-05T18:07:14 BDT" finished-at="2019-12-05T18:07:23 BDT">
          <reporter-output>
          </reporter-output>
        </test-method> <!-- setUp -->
        <test-method status="PASS" signature="verifyContactsLinkTest()[pri:3, instance:com.demo.qa.testCases.HomePageTest@40f08448]" name="verifyContactsLinkTest" duration-ms="8530" started-at="2019-12-05T18:07:23 BDT" finished-at="2019-12-05T18:07:31 BDT">
          <reporter-output>
          </reporter-output>
        </test-method> <!-- verifyContactsLinkTest -->
        <test-method status="PASS" signature="tearDown()[pri:0, instance:com.demo.qa.testCases.HomePageTest@40f08448]" name="tearDown" is-config="true" duration-ms="635" started-at="2019-12-05T18:07:31 BDT" finished-at="2019-12-05T18:07:32 BDT">
          <reporter-output>
          </reporter-output>
        </test-method> <!-- tearDown -->
      </class> <!-- com.demo.qa.testCases.HomePageTest -->
    </test> <!-- Free CRM App Test Cases -->
  </suite> <!-- FREE CRM Application Test Automation Test Suite -->
</testng-results>
